<?xml version="1.0" encoding="UTF-8"?>
<!-- Generated by org.testng.reporters.JUnitReportReporter -->
<testsuite hostname="ly" name="phone.baidu" tests="1" failures="0" timestamp="14 Mar 2019 01:12:34 GMT" time="5.210" errors="0">
  <testcase name="mobile" time="5.210" classname="phone.baidu"/>
</testsuite> <!-- phone.baidu -->
