<?xml version="1.0" encoding="UTF-8"?>
<!-- Generated by org.testng.reporters.JUnitReportReporter -->
<testsuite hostname="ly" name="phone.phone" tests="1" failures="0" timestamp="14 Mar 2019 00:48:37 GMT" time="7.597" errors="0">
  <testcase name="mobile" time="7.597" classname="phone.phone"/>
</testsuite> <!-- phone.phone -->
